<?xml version="1.0" ?>
<coverage version="7.2.7" timestamp="1686505970066" lines-valid="323" lines-covered="64" line-rate="0.1981" branches-covered="0" branches-valid="0" branch-rate="0" complexity="0">
	<!-- Generated by coverage.py: https://coverage.readthedocs.io/en/7.2.7 -->
	<!-- Based on https://raw.githubusercontent.com/cobertura/web/master/htdocs/xml/coverage-04.dtd -->
	<sources>
		<source>/home/runner/work/cvx_stat_arb/cvx_stat_arb/cvx</source>
	</sources>
	<packages>
		<package name="stat_arb" line-rate="0.1981" branch-rate="0" complexity="0">
			<classes>
				<class name="ccp.py" filename="stat_arb/ccp.py" complexity="0" line-rate="0.1981" branch-rate="0">
					<methods/>
					<lines>
						<line number="2" hits="1"/>
						<line number="4" hits="1"/>
						<line number="5" hits="1"/>
						<line number="6" hits="1"/>
						<line number="8" hits="1"/>
						<line number="9" hits="1"/>
						<line number="10" hits="1"/>
						<line number="11" hits="1"/>
						<line number="13" hits="1"/>
						<line number="18" hits="1"/>
						<line number="19" hits="0"/>
						<line number="21" hits="0"/>
						<line number="23" hits="0"/>
						<line number="24" hits="0"/>
						<line number="26" hits="0"/>
						<line number="27" hits="0"/>
						<line number="28" hits="0"/>
						<line number="29" hits="0"/>
						<line number="32" hits="1"/>
						<line number="44" hits="0"/>
						<line number="46" hits="0"/>
						<line number="48" hits="0"/>
						<line number="59" hits="0"/>
						<line number="60" hits="0"/>
						<line number="61" hits="0"/>
						<line number="62" hits="0"/>
						<line number="66" hits="0"/>
						<line number="67" hits="0"/>
						<line number="68" hits="0"/>
						<line number="69" hits="0"/>
						<line number="70" hits="0"/>
						<line number="72" hits="0"/>
						<line number="75" hits="1"/>
						<line number="81" hits="0"/>
						<line number="84" hits="1"/>
						<line number="94" hits="0"/>
						<line number="95" hits="0"/>
						<line number="98" hits="0"/>
						<line number="100" hits="0"/>
						<line number="102" hits="0"/>
						<line number="103" hits="0"/>
						<line number="106" hits="0"/>
						<line number="107" hits="0"/>
						<line number="109" hits="0"/>
						<line number="110" hits="0"/>
						<line number="111" hits="0"/>
						<line number="113" hits="0"/>
						<line number="114" hits="0"/>
						<line number="116" hits="0"/>
						<line number="117" hits="0"/>
						<line number="118" hits="0"/>
						<line number="119" hits="0"/>
						<line number="120" hits="0"/>
						<line number="121" hits="0"/>
						<line number="122" hits="0"/>
						<line number="124" hits="0"/>
						<line number="125" hits="0"/>
						<line number="126" hits="0"/>
						<line number="129" hits="0"/>
						<line number="130" hits="0"/>
						<line number="131" hits="0"/>
						<line number="132" hits="0"/>
						<line number="135" hits="0"/>
						<line number="136" hits="0"/>
						<line number="138" hits="0"/>
						<line number="139" hits="0"/>
						<line number="141" hits="0"/>
						<line number="151" hits="0"/>
						<line number="152" hits="0"/>
						<line number="154" hits="0"/>
						<line number="157" hits="1"/>
						<line number="163" hits="1"/>
						<line number="164" hits="0"/>
						<line number="165" hits="0"/>
						<line number="166" hits="0"/>
						<line number="167" hits="0"/>
						<line number="168" hits="0"/>
						<line number="169" hits="0"/>
						<line number="170" hits="0"/>
						<line number="171" hits="0"/>
						<line number="172" hits="0"/>
						<line number="176" hits="0"/>
						<line number="178" hits="0"/>
						<line number="180" hits="0"/>
						<line number="181" hits="0"/>
						<line number="182" hits="0"/>
						<line number="183" hits="0"/>
						<line number="185" hits="0"/>
						<line number="188" hits="0"/>
						<line number="189" hits="0"/>
						<line number="190" hits="0"/>
						<line number="191" hits="0"/>
						<line number="194" hits="0"/>
						<line number="196" hits="1"/>
						<line number="197" hits="1"/>
						<line number="198" hits="0"/>
						<line number="200" hits="1"/>
						<line number="201" hits="1"/>
						<line number="202" hits="0"/>
						<line number="204" hits="1"/>
						<line number="208" hits="0"/>
						<line number="210" hits="0"/>
						<line number="211" hits="0"/>
						<line number="212" hits="0"/>
						<line number="213" hits="0"/>
						<line number="215" hits="0"/>
						<line number="217" hits="0"/>
						<line number="219" hits="0"/>
						<line number="220" hits="0"/>
						<line number="222" hits="0"/>
						<line number="223" hits="0"/>
						<line number="225" hits="1"/>
						<line number="231" hits="0"/>
						<line number="232" hits="0"/>
						<line number="235" hits="0"/>
						<line number="236" hits="0"/>
						<line number="237" hits="0"/>
						<line number="238" hits="0"/>
						<line number="239" hits="0"/>
						<line number="241" hits="0"/>
						<line number="243" hits="1"/>
						<line number="244" hits="1"/>
						<line number="250" hits="0"/>
						<line number="251" hits="0"/>
						<line number="252" hits="0"/>
						<line number="253" hits="0"/>
						<line number="255" hits="0"/>
						<line number="257" hits="1"/>
						<line number="258" hits="0"/>
						<line number="259" hits="0"/>
						<line number="261" hits="0"/>
						<line number="264" hits="1"/>
						<line number="269" hits="1"/>
						<line number="270" hits="0"/>
						<line number="271" hits="0"/>
						<line number="272" hits="0"/>
						<line number="273" hits="0"/>
						<line number="274" hits="0"/>
						<line number="275" hits="0"/>
						<line number="276" hits="0"/>
						<line number="277" hits="0"/>
						<line number="278" hits="0"/>
						<line number="282" hits="0"/>
						<line number="284" hits="0"/>
						<line number="286" hits="0"/>
						<line number="287" hits="0"/>
						<line number="288" hits="0"/>
						<line number="289" hits="0"/>
						<line number="291" hits="0"/>
						<line number="294" hits="0"/>
						<line number="295" hits="0"/>
						<line number="298" hits="0"/>
						<line number="300" hits="1"/>
						<line number="301" hits="1"/>
						<line number="302" hits="0"/>
						<line number="304" hits="1"/>
						<line number="305" hits="1"/>
						<line number="306" hits="0"/>
						<line number="308" hits="1"/>
						<line number="312" hits="0"/>
						<line number="313" hits="0"/>
						<line number="314" hits="0"/>
						<line number="315" hits="0"/>
						<line number="317" hits="0"/>
						<line number="319" hits="0"/>
						<line number="321" hits="0"/>
						<line number="322" hits="0"/>
						<line number="324" hits="0"/>
						<line number="325" hits="0"/>
						<line number="327" hits="1"/>
						<line number="333" hits="0"/>
						<line number="334" hits="0"/>
						<line number="337" hits="0"/>
						<line number="338" hits="0"/>
						<line number="339" hits="0"/>
						<line number="340" hits="0"/>
						<line number="341" hits="0"/>
						<line number="342" hits="0"/>
						<line number="344" hits="0"/>
						<line number="345" hits="0"/>
						<line number="347" hits="0"/>
						<line number="349" hits="1"/>
						<line number="350" hits="1"/>
						<line number="356" hits="0"/>
						<line number="357" hits="0"/>
						<line number="358" hits="0"/>
						<line number="359" hits="0"/>
						<line number="361" hits="0"/>
						<line number="363" hits="1"/>
						<line number="364" hits="0"/>
						<line number="365" hits="0"/>
						<line number="367" hits="0"/>
						<line number="370" hits="1"/>
						<line number="371" hits="1"/>
						<line number="376" hits="1"/>
						<line number="378" hits="1"/>
						<line number="379" hits="0"/>
						<line number="380" hits="0"/>
						<line number="381" hits="0"/>
						<line number="382" hits="0"/>
						<line number="383" hits="0"/>
						<line number="385" hits="0"/>
						<line number="386" hits="0"/>
						<line number="387" hits="0"/>
						<line number="388" hits="0"/>
						<line number="390" hits="0"/>
						<line number="392" hits="1"/>
						<line number="408" hits="0"/>
						<line number="409" hits="0"/>
						<line number="411" hits="0"/>
						<line number="412" hits="0"/>
						<line number="413" hits="0"/>
						<line number="414" hits="0"/>
						<line number="417" hits="0"/>
						<line number="418" hits="0"/>
						<line number="420" hits="0"/>
						<line number="422" hits="1"/>
						<line number="428" hits="0"/>
						<line number="429" hits="0"/>
						<line number="432" hits="0"/>
						<line number="433" hits="0"/>
						<line number="436" hits="0"/>
						<line number="437" hits="0"/>
						<line number="438" hits="0"/>
						<line number="440" hits="0"/>
						<line number="443" hits="1"/>
						<line number="444" hits="1"/>
						<line number="449" hits="1"/>
						<line number="450" hits="1"/>
						<line number="452" hits="1"/>
						<line number="453" hits="0"/>
						<line number="455" hits="1"/>
						<line number="456" hits="0"/>
						<line number="458" hits="1"/>
						<line number="459" hits="0"/>
						<line number="461" hits="1"/>
						<line number="462" hits="0"/>
						<line number="463" hits="0"/>
						<line number="464" hits="0"/>
						<line number="465" hits="0"/>
						<line number="467" hits="1"/>
						<line number="472" hits="0"/>
						<line number="474" hits="1"/>
						<line number="475" hits="1"/>
						<line number="479" hits="0"/>
						<line number="481" hits="1"/>
						<line number="482" hits="1"/>
						<line number="486" hits="0"/>
						<line number="488" hits="1"/>
						<line number="489" hits="1"/>
						<line number="493" hits="0"/>
						<line number="495" hits="1"/>
						<line number="501" hits="0"/>
						<line number="502" hits="0"/>
						<line number="503" hits="0"/>
						<line number="504" hits="0"/>
						<line number="505" hits="0"/>
						<line number="506" hits="0"/>
						<line number="507" hits="0"/>
						<line number="508" hits="0"/>
						<line number="510" hits="0"/>
						<line number="511" hits="0"/>
						<line number="512" hits="0"/>
						<line number="514" hits="1"/>
						<line number="525" hits="0"/>
						<line number="526" hits="0"/>
						<line number="527" hits="0"/>
						<line number="528" hits="0"/>
						<line number="529" hits="0"/>
						<line number="530" hits="0"/>
						<line number="532" hits="1"/>
						<line number="533" hits="0"/>
						<line number="535" hits="0"/>
						<line number="536" hits="0"/>
						<line number="538" hits="0"/>
						<line number="539" hits="0"/>
						<line number="540" hits="0"/>
						<line number="542" hits="0"/>
						<line number="544" hits="1"/>
						<line number="551" hits="0"/>
						<line number="553" hits="0"/>
						<line number="554" hits="0"/>
						<line number="555" hits="0"/>
						<line number="557" hits="0"/>
						<line number="558" hits="0"/>
						<line number="559" hits="0"/>
						<line number="562" hits="0"/>
						<line number="563" hits="0"/>
						<line number="572" hits="1"/>
						<line number="573" hits="1"/>
						<line number="592" hits="0"/>
						<line number="593" hits="0"/>
						<line number="594" hits="0"/>
						<line number="596" hits="0"/>
						<line number="597" hits="0"/>
						<line number="598" hits="0"/>
						<line number="600" hits="0"/>
						<line number="601" hits="0"/>
						<line number="603" hits="0"/>
						<line number="604" hits="0"/>
						<line number="605" hits="0"/>
						<line number="607" hits="1"/>
						<line number="611" hits="0"/>
						<line number="613" hits="0"/>
						<line number="616" hits="0"/>
						<line number="622" hits="0"/>
						<line number="627" hits="0"/>
						<line number="630" hits="0"/>
						<line number="645" hits="1"/>
						<line number="650" hits="0"/>
						<line number="651" hits="0"/>
						<line number="652" hits="0"/>
						<line number="653" hits="0"/>
						<line number="654" hits="0"/>
						<line number="655" hits="0"/>
						<line number="656" hits="0"/>
						<line number="657" hits="0"/>
						<line number="658" hits="0"/>
						<line number="660" hits="0"/>
						<line number="661" hits="0"/>
						<line number="675" hits="0"/>
						<line number="676" hits="0"/>
						<line number="678" hits="0"/>
					</lines>
				</class>
			</classes>
		</package>
	</packages>
</coverage>
